<?xml version="1.0" encoding="UTF-8"?>
<robot generator="Robot 3.2.2 (Python 3.9.1 on win32)" generated="20210421 17:24:24.645" rpa="false">
<suite id="s1" name="TestCases" source="C:\Users\tomes\Documents\Scott_Web_Test\TestSuites\Cookies\TestCases.robot">
<test id="s1-t1" name="Pre-conditions">
<kw name="Set Pre Conditions" library="Keywords">
<arguments>
<arg>0.2</arg>
<arg>${ChromeBrowser}</arg>
<arg>${URL_Scott_Main}</arg>
<arg>${Img_Scott_Logo}</arg>
</arguments>
<kw name="Set Selenium Speed" library="SeleniumLibrary">
<doc>Sets the delay that is waited after each Selenium command.</doc>
<arguments>
<arg>0.2</arg>
</arguments>
<status status="PASS" starttime="20210421 17:24:24.977" endtime="20210421 17:24:24.977"></status>
</kw>
<kw name="Open Browser" library="SeleniumLibrary">
<doc>Opens a new browser instance to the optional ``url``.</doc>
<arguments>
<arg>${URL}</arg>
<arg>${Browser}</arg>
</arguments>
<msg timestamp="20210421 17:24:24.978" level="INFO">Opening browser 'Chrome' to base url 'https://www.scott-sports.com/global/en/'.</msg>
<status status="PASS" starttime="20210421 17:24:24.978" endtime="20210421 17:24:29.134"></status>
</kw>
<kw name="Maximize Browser Window" library="SeleniumLibrary">
<doc>Maximizes current browser window.</doc>
<status status="PASS" starttime="20210421 17:24:29.134" endtime="20210421 17:24:29.474"></status>
</kw>
<kw name="Wait Until Element Is Visible" library="SeleniumLibrary">
<doc>Waits until the element ``locator`` is visible.</doc>
<arguments>
<arg>${Element}</arg>
</arguments>
<status status="PASS" starttime="20210421 17:24:29.474" endtime="20210421 17:24:30.010"></status>
</kw>
<status status="PASS" starttime="20210421 17:24:24.977" endtime="20210421 17:24:30.010"></status>
</kw>
<status status="PASS" starttime="20210421 17:24:24.976" endtime="20210421 17:24:30.010" critical="yes"></status>
</test>
<test id="s1-t2" name="TC_001 - Test Accept Cookies">
<kw name="Wait Until Element Is Visible" library="SeleniumLibrary">
<doc>Waits until the element ``locator`` is visible.</doc>
<arguments>
<arg>${Cookies_Modal}</arg>
</arguments>
<status status="PASS" starttime="20210421 17:24:30.013" endtime="20210421 17:24:30.486"></status>
</kw>
<kw name="Element Should Be Visible" library="SeleniumLibrary">
<doc>Verifies that the element identified by ``locator`` is visible.</doc>
<arguments>
<arg>${Button_Close_Cookies_Modal}</arg>
</arguments>
<msg timestamp="20210421 17:24:30.949" level="INFO">Element '//button[contains(@class, "close-cookies")]' is displayed.</msg>
<status status="PASS" starttime="20210421 17:24:30.488" endtime="20210421 17:24:30.949"></status>
</kw>
<kw name="Click And Check No Visible" library="Keywords">
<arguments>
<arg>${Button_Close_Cookies_Modal}</arg>
<arg>${Cookies_Modal}</arg>
</arguments>
<kw name="Element Should Be Visible" library="SeleniumLibrary">
<doc>Verifies that the element identified by ``locator`` is visible.</doc>
<arguments>
<arg>${Button}</arg>
</arguments>
<msg timestamp="20210421 17:24:31.422" level="INFO">Element '//button[contains(@class, "close-cookies")]' is displayed.</msg>
<status status="PASS" starttime="20210421 17:24:30.950" endtime="20210421 17:24:31.422"></status>
</kw>
<kw name="Set Focus To Element" library="SeleniumLibrary">
<doc>Sets the focus to the element identified by ``locator``.</doc>
<arguments>
<arg>${Button}</arg>
</arguments>
<status status="PASS" starttime="20210421 17:24:31.423" endtime="20210421 17:24:31.883"></status>
</kw>
<kw name="Mouse Over" library="SeleniumLibrary">
<doc>Simulates hovering the mouse over the element ``locator``.</doc>
<arguments>
<arg>${Button}</arg>
</arguments>
<msg timestamp="20210421 17:24:31.885" level="INFO">Simulating Mouse Over on element '//button[contains(@class, "close-cookies")]'.</msg>
<status status="PASS" starttime="20210421 17:24:31.884" endtime="20210421 17:24:32.594"></status>
</kw>
<kw name="Click Element" library="SeleniumLibrary">
<doc>Click the element identified by ``locator``.</doc>
<arguments>
<arg>${Button}</arg>
</arguments>
<msg timestamp="20210421 17:24:32.594" level="INFO">Clicking element '//button[contains(@class, "close-cookies")]'.</msg>
<status status="PASS" starttime="20210421 17:24:32.594" endtime="20210421 17:24:33.148"></status>
</kw>
<kw name="Wait Until Element Is Not Visible" library="SeleniumLibrary">
<doc>Waits until the element ``locator`` is not visible.</doc>
<arguments>
<arg>${ElementToCheck}</arg>
</arguments>
<status status="PASS" starttime="20210421 17:24:33.148" endtime="20210421 17:24:33.382"></status>
</kw>
<status status="PASS" starttime="20210421 17:24:30.949" endtime="20210421 17:24:33.382"></status>
</kw>
<kw name="Perform Post Conditions" library="Keywords">
<arguments>
<arg>1</arg>
</arguments>
<kw name="Sleep" library="BuiltIn">
<doc>Pauses the test executed for the given time.</doc>
<arguments>
<arg>${SleepValue}</arg>
</arguments>
<msg timestamp="20210421 17:24:34.401" level="INFO">Slept 1 second</msg>
<status status="PASS" starttime="20210421 17:24:33.384" endtime="20210421 17:24:34.401"></status>
</kw>
<kw name="Close Browser" library="SeleniumLibrary">
<doc>Closes the current browser.</doc>
<status status="PASS" starttime="20210421 17:24:34.402" endtime="20210421 17:24:37.094"></status>
</kw>
<status status="PASS" starttime="20210421 17:24:33.384" endtime="20210421 17:24:37.094"></status>
</kw>
<status status="PASS" starttime="20210421 17:24:30.012" endtime="20210421 17:24:37.095" critical="yes"></status>
</test>
<test id="s1-t3" name="TC_OO2 - Test More Info Cookies">
<kw name="Set Pre Conditions" library="Keywords">
<arguments>
<arg>0.2</arg>
<arg>${ChromeBrowser}</arg>
<arg>${URL_Scott_Main}</arg>
<arg>${Img_Scott_Logo}</arg>
</arguments>
<kw name="Set Selenium Speed" library="SeleniumLibrary">
<doc>Sets the delay that is waited after each Selenium command.</doc>
<arguments>
<arg>0.2</arg>
</arguments>
<status status="PASS" starttime="20210421 17:24:37.102" endtime="20210421 17:24:37.102"></status>
</kw>
<kw name="Open Browser" library="SeleniumLibrary">
<doc>Opens a new browser instance to the optional ``url``.</doc>
<arguments>
<arg>${URL}</arg>
<arg>${Browser}</arg>
</arguments>
<msg timestamp="20210421 17:24:37.102" level="INFO">Opening browser 'Chrome' to base url 'https://www.scott-sports.com/global/en/'.</msg>
<status status="PASS" starttime="20210421 17:24:37.102" endtime="20210421 17:24:41.524"></status>
</kw>
<kw name="Maximize Browser Window" library="SeleniumLibrary">
<doc>Maximizes current browser window.</doc>
<status status="PASS" starttime="20210421 17:24:41.524" endtime="20210421 17:24:41.872"></status>
</kw>
<kw name="Wait Until Element Is Visible" library="SeleniumLibrary">
<doc>Waits until the element ``locator`` is visible.</doc>
<arguments>
<arg>${Element}</arg>
</arguments>
<status status="PASS" starttime="20210421 17:24:41.872" endtime="20210421 17:24:42.367"></status>
</kw>
<status status="PASS" starttime="20210421 17:24:37.102" endtime="20210421 17:24:42.368"></status>
</kw>
<kw name="Wait Until Element Is Visible" library="SeleniumLibrary">
<doc>Waits until the element ``locator`` is visible.</doc>
<arguments>
<arg>${Cookies_Modal}</arg>
</arguments>
<status status="PASS" starttime="20210421 17:24:42.369" endtime="20210421 17:24:42.876"></status>
</kw>
<kw name="Element Should Be Visible" library="SeleniumLibrary">
<doc>Verifies that the element identified by ``locator`` is visible.</doc>
<arguments>
<arg>${Link_Cookies_More_Info}</arg>
</arguments>
<msg timestamp="20210421 17:24:43.361" level="INFO">Element '//a[contains(text(), "click here")]' is displayed.</msg>
<status status="PASS" starttime="20210421 17:24:42.879" endtime="20210421 17:24:43.361"></status>
</kw>
<kw name="Click And Check URL" library="Keywords">
<arguments>
<arg>${Link_Cookies_More_Info}</arg>
<arg>${URL_Scott_Policy}</arg>
</arguments>
<kw name="Element Should Be Visible" library="SeleniumLibrary">
<doc>Verifies that the element identified by ``locator`` is visible.</doc>
<arguments>
<arg>${Link}</arg>
</arguments>
<msg timestamp="20210421 17:24:43.847" level="INFO">Element '//a[contains(text(), "click here")]' is displayed.</msg>
<status status="PASS" starttime="20210421 17:24:43.365" endtime="20210421 17:24:43.847"></status>
</kw>
<kw name="Set Focus To Element" library="SeleniumLibrary">
<doc>Sets the focus to the element identified by ``locator``.</doc>
<arguments>
<arg>${Link}</arg>
</arguments>
<status status="PASS" starttime="20210421 17:24:43.847" endtime="20210421 17:24:44.330"></status>
</kw>
<kw name="Mouse Over" library="SeleniumLibrary">
<doc>Simulates hovering the mouse over the element ``locator``.</doc>
<arguments>
<arg>${Link}</arg>
</arguments>
<msg timestamp="20210421 17:24:44.330" level="INFO">Simulating Mouse Over on element '//a[contains(text(), "click here")]'.</msg>
<status status="PASS" starttime="20210421 17:24:44.330" endtime="20210421 17:24:45.055"></status>
</kw>
<kw name="Click Element" library="SeleniumLibrary">
<doc>Click the element identified by ``locator``.</doc>
<arguments>
<arg>${Link}</arg>
</arguments>
<msg timestamp="20210421 17:24:45.055" level="INFO">Clicking element '//a[contains(text(), "click here")]'.</msg>
<status status="PASS" starttime="20210421 17:24:45.055" endtime="20210421 17:24:46.704"></status>
</kw>
<kw name="Wait Until Location Is" library="SeleniumLibrary">
<doc>Waits until the current URL is ``expected``.</doc>
<arguments>
<arg>${URLToCheck}</arg>
</arguments>
<status status="PASS" starttime="20210421 17:24:46.704" endtime="20210421 17:24:46.927"></status>
</kw>
<kw name="Log Location" library="SeleniumLibrary">
<doc>Logs and returns the current browser window URL.</doc>
<msg timestamp="20210421 17:24:47.142" level="INFO">https://www.scott-sports.com/global/en/company/policy</msg>
<status status="PASS" starttime="20210421 17:24:46.927" endtime="20210421 17:24:47.142"></status>
</kw>
<status status="PASS" starttime="20210421 17:24:43.361" endtime="20210421 17:24:47.142"></status>
</kw>
<kw name="Wait Until Element Is Visible" library="SeleniumLibrary">
<doc>Waits until the element ``locator`` is visible.</doc>
<arguments>
<arg>${Headline_Privacy_Policy}</arg>
</arguments>
<status status="PASS" starttime="20210421 17:24:47.143" endtime="20210421 17:24:47.590"></status>
</kw>
<kw name="Compare Text" library="Keywords">
<arguments>
<arg>${Headline_Privacy_Policy}</arg>
<arg>PRIVACY POLICY</arg>
</arguments>
<kw name="Get Text" library="SeleniumLibrary">
<doc>Returns the text value of the element identified by ``locator``.</doc>
<arguments>
<arg>${Element}</arg>
</arguments>
<assign>
<var>${Element_Text}</var>
</assign>
<msg timestamp="20210421 17:24:48.035" level="INFO">${Element_Text} = PRIVACY POLICY</msg>
<status status="PASS" starttime="20210421 17:24:47.591" endtime="20210421 17:24:48.035"></status>
</kw>
<kw name="Should Be Equal As Strings" library="BuiltIn">
<doc>Fails if objects are unequal after converting them to strings.</doc>
<arguments>
<arg>${Element_Text}</arg>
<arg>${ExpectedElementText}</arg>
</arguments>
<status status="PASS" starttime="20210421 17:24:48.035" endtime="20210421 17:24:48.036"></status>
</kw>
<status status="PASS" starttime="20210421 17:24:47.590" endtime="20210421 17:24:48.036"></status>
</kw>
<status status="PASS" starttime="20210421 17:24:37.100" endtime="20210421 17:24:48.036" critical="yes"></status>
</test>
<test id="s1-t4" name="Post-conditions">
<kw name="Perform Post Conditions" library="Keywords">
<arguments>
<arg>2</arg>
</arguments>
<kw name="Sleep" library="BuiltIn">
<doc>Pauses the test executed for the given time.</doc>
<arguments>
<arg>${SleepValue}</arg>
</arguments>
<msg timestamp="20210421 17:24:50.039" level="INFO">Slept 2 seconds</msg>
<status status="PASS" starttime="20210421 17:24:48.038" endtime="20210421 17:24:50.039"></status>
</kw>
<kw name="Close Browser" library="SeleniumLibrary">
<doc>Closes the current browser.</doc>
<status status="PASS" starttime="20210421 17:24:50.039" endtime="20210421 17:24:52.314"></status>
</kw>
<status status="PASS" starttime="20210421 17:24:48.038" endtime="20210421 17:24:52.315"></status>
</kw>
<status status="PASS" starttime="20210421 17:24:48.038" endtime="20210421 17:24:52.318" critical="yes"></status>
</test>
<status status="PASS" starttime="20210421 17:24:24.648" endtime="20210421 17:24:52.324"></status>
</suite>
<statistics>
<total>
<stat pass="4" fail="0">Critical Tests</stat>
<stat pass="4" fail="0">All Tests</stat>
</total>
<tag>
</tag>
<suite>
<stat pass="4" fail="0" id="s1" name="TestCases">TestCases</stat>
</suite>
</statistics>
<errors>
</errors>
</robot>
