<?xml version="1.0" encoding="UTF-8"?>
<robot generator="Robot 3.2.2 (Python 3.9.1 on win32)" generated="20210424 08:53:18.527" rpa="false">
<suite id="s1" name="TestCases" source="C:\Users\tomes\Documents\Scott_Web_Test\TestSuites\Location\TestCases.robot">
<test id="s1-t1" name="Pre-conditions">
<kw name="Set Pre Conditions" library="Keywords">
<arguments>
<arg>0.2</arg>
<arg>${ChromeBrowser}</arg>
<arg>${URL_Scott_Main}</arg>
<arg>${Img_Scott_Logo}</arg>
</arguments>
<kw name="Set Selenium Speed" library="SeleniumLibrary">
<doc>Sets the delay that is waited after each Selenium command.</doc>
<arguments>
<arg>0.2</arg>
</arguments>
<status status="PASS" starttime="20210424 08:53:18.809" endtime="20210424 08:53:18.809"></status>
</kw>
<kw name="Open Browser" library="SeleniumLibrary">
<doc>Opens a new browser instance to the optional ``url``.</doc>
<arguments>
<arg>${URL}</arg>
<arg>${Browser}</arg>
</arguments>
<msg timestamp="20210424 08:53:18.809" level="INFO">Opening browser 'Chrome' to base url 'https://www.scott-sports.com/global/en/'.</msg>
<status status="PASS" starttime="20210424 08:53:18.809" endtime="20210424 08:53:23.965"></status>
</kw>
<kw name="Maximize Browser Window" library="SeleniumLibrary">
<doc>Maximizes current browser window.</doc>
<status status="PASS" starttime="20210424 08:53:23.965" endtime="20210424 08:53:24.312"></status>
</kw>
<kw name="Wait Until Element Is Visible" library="SeleniumLibrary">
<doc>Waits until the element ``locator`` is visible.</doc>
<arguments>
<arg>${Element}</arg>
</arguments>
<status status="PASS" starttime="20210424 08:53:24.312" endtime="20210424 08:53:24.800"></status>
</kw>
<status status="PASS" starttime="20210424 08:53:18.808" endtime="20210424 08:53:24.800"></status>
</kw>
<status status="PASS" starttime="20210424 08:53:18.808" endtime="20210424 08:53:24.803" critical="yes"></status>
</test>
<test id="s1-t2" name="TC_M001">
<kw name="Wait Until Element Is Visible" library="SeleniumLibrary">
<doc>Waits until the element ``locator`` is visible.</doc>
<arguments>
<arg>${Img_Scott_Logo}</arg>
</arguments>
<status status="PASS" starttime="20210424 08:53:24.810" endtime="20210424 08:53:25.290"></status>
</kw>
<kw name="Click Link And Check URL" library="Keywords">
<arguments>
<arg>${Link_Selected_Country_Flag}</arg>
<arg>${URL_Scott_Country}</arg>
</arguments>
<kw name="Mouse Over And Click" library="Keywords">
<arguments>
<arg>${Link}</arg>
</arguments>
<kw name="Element Should Be Visible" library="SeleniumLibrary">
<doc>Verifies that the element identified by ``locator`` is visible.</doc>
<arguments>
<arg>${Element}</arg>
</arguments>
<msg timestamp="20210424 08:53:25.740" level="INFO">Element '//a[@class="selected_country_flag"]' is displayed.</msg>
<status status="PASS" starttime="20210424 08:53:25.293" endtime="20210424 08:53:25.740"></status>
</kw>
<kw name="Set Focus To Element" library="SeleniumLibrary">
<doc>Sets the focus to the element identified by ``locator``.</doc>
<arguments>
<arg>${Element}</arg>
</arguments>
<status status="PASS" starttime="20210424 08:53:25.740" endtime="20210424 08:53:26.174"></status>
</kw>
<kw name="Mouse Over" library="SeleniumLibrary">
<doc>Simulates hovering the mouse over the element ``locator``.</doc>
<arguments>
<arg>${Element}</arg>
</arguments>
<msg timestamp="20210424 08:53:26.174" level="INFO">Simulating Mouse Over on element '//a[@class="selected_country_flag"]'.</msg>
<status status="PASS" starttime="20210424 08:53:26.174" endtime="20210424 08:53:26.886"></status>
</kw>
<kw name="Click Element" library="SeleniumLibrary">
<doc>Click the element identified by ``locator``.</doc>
<arguments>
<arg>${Element}</arg>
</arguments>
<msg timestamp="20210424 08:53:26.887" level="INFO">Clicking element '//a[@class="selected_country_flag"]'.</msg>
<status status="PASS" starttime="20210424 08:53:26.886" endtime="20210424 08:53:28.367"></status>
</kw>
<status status="PASS" starttime="20210424 08:53:25.292" endtime="20210424 08:53:28.369"></status>
</kw>
<kw name="Wait Until Location Is" library="SeleniumLibrary">
<doc>Waits until the current URL is ``expected``.</doc>
<arguments>
<arg>${URLToCheck}</arg>
</arguments>
<status status="PASS" starttime="20210424 08:53:28.369" endtime="20210424 08:53:28.617"></status>
</kw>
<kw name="Log Location" library="SeleniumLibrary">
<doc>Logs and returns the current browser window URL.</doc>
<msg timestamp="20210424 08:53:28.858" level="INFO">https://www.scott-sports.com/global/en/country</msg>
<status status="PASS" starttime="20210424 08:53:28.617" endtime="20210424 08:53:28.858"></status>
</kw>
<status status="PASS" starttime="20210424 08:53:25.290" endtime="20210424 08:53:28.858"></status>
</kw>
<kw name="Wait Until Element Is Visible" library="SeleniumLibrary">
<doc>Waits until the element ``locator`` is visible.</doc>
<arguments>
<arg>${Country_Headline}</arg>
</arguments>
<status status="PASS" starttime="20210424 08:53:28.858" endtime="20210424 08:53:29.326"></status>
</kw>
<kw name="Compare Text" library="Keywords">
<arguments>
<arg>${Country_Headline}</arg>
<arg>COUNTRY SELECTION</arg>
</arguments>
<kw name="Get Text" library="SeleniumLibrary">
<doc>Returns the text value of the element identified by ``locator``.</doc>
<arguments>
<arg>${Element}</arg>
</arguments>
<assign>
<var>${Element_Text}</var>
</assign>
<msg timestamp="20210424 08:53:29.813" level="INFO">${Element_Text} = COUNTRY SELECTION</msg>
<status status="PASS" starttime="20210424 08:53:29.329" endtime="20210424 08:53:29.813"></status>
</kw>
<kw name="Should Be Equal As Strings" library="BuiltIn">
<doc>Fails if objects are unequal after converting them to strings.</doc>
<arguments>
<arg>${Element_Text}</arg>
<arg>${ExpectedElementText}</arg>
</arguments>
<status status="PASS" starttime="20210424 08:53:29.813" endtime="20210424 08:53:29.813"></status>
</kw>
<status status="PASS" starttime="20210424 08:53:29.329" endtime="20210424 08:53:29.813"></status>
</kw>
<kw name="Mouse Over And Click" library="Keywords">
<arguments>
<arg>${Asia_Tab}</arg>
</arguments>
<kw name="Element Should Be Visible" library="SeleniumLibrary">
<doc>Verifies that the element identified by ``locator`` is visible.</doc>
<arguments>
<arg>${Element}</arg>
</arguments>
<msg timestamp="20210424 08:53:30.311" level="INFO">Element '//section[@id="select-location--regions"]/ul/li[4]' is displayed.</msg>
<status status="PASS" starttime="20210424 08:53:29.817" endtime="20210424 08:53:30.312"></status>
</kw>
<kw name="Set Focus To Element" library="SeleniumLibrary">
<doc>Sets the focus to the element identified by ``locator``.</doc>
<arguments>
<arg>${Element}</arg>
</arguments>
<status status="PASS" starttime="20210424 08:53:30.312" endtime="20210424 08:53:30.768"></status>
</kw>
<kw name="Mouse Over" library="SeleniumLibrary">
<doc>Simulates hovering the mouse over the element ``locator``.</doc>
<arguments>
<arg>${Element}</arg>
</arguments>
<msg timestamp="20210424 08:53:30.770" level="INFO">Simulating Mouse Over on element '//section[@id="select-location--regions"]/ul/li[4]'.</msg>
<status status="PASS" starttime="20210424 08:53:30.769" endtime="20210424 08:53:31.496"></status>
</kw>
<kw name="Click Element" library="SeleniumLibrary">
<doc>Click the element identified by ``locator``.</doc>
<arguments>
<arg>${Element}</arg>
</arguments>
<msg timestamp="20210424 08:53:31.496" level="INFO">Clicking element '//section[@id="select-location--regions"]/ul/li[4]'.</msg>
<status status="PASS" starttime="20210424 08:53:31.496" endtime="20210424 08:53:32.091"></status>
</kw>
<status status="PASS" starttime="20210424 08:53:29.813" endtime="20210424 08:53:32.095"></status>
</kw>
<kw name="Wait Until Element Is Visible" library="SeleniumLibrary">
<doc>Waits until the element ``locator`` is visible.</doc>
<arguments>
<arg>${Section_Visible_Countries}</arg>
</arguments>
<status status="PASS" starttime="20210424 08:53:32.097" endtime="20210424 08:53:32.596"></status>
</kw>
<kw name="Get Element Count" library="SeleniumLibrary">
<doc>Returns the number of elements matching ``locator``.</doc>
<arguments>
<arg>${Links_Visible_Countries}</arg>
</arguments>
<assign>
<var>${count}</var>
</assign>
<msg timestamp="20210424 08:53:32.834" level="INFO">${count} = 4</msg>
<status status="PASS" starttime="20210424 08:53:32.596" endtime="20210424 08:53:32.835"></status>
</kw>
<kw name="Should Be True" library="BuiltIn">
<doc>Fails if the given condition is not true.</doc>
<arguments>
<arg>${count}==4</arg>
</arguments>
<status status="PASS" starttime="20210424 08:53:32.836" endtime="20210424 08:53:32.838"></status>
</kw>
<kw name="Compare Text" library="Keywords">
<arguments>
<arg>${Link_First_Visible_Contry}</arg>
<arg>China</arg>
</arguments>
<kw name="Get Text" library="SeleniumLibrary">
<doc>Returns the text value of the element identified by ``locator``.</doc>
<arguments>
<arg>${Element}</arg>
</arguments>
<assign>
<var>${Element_Text}</var>
</assign>
<msg timestamp="20210424 08:53:33.340" level="INFO">${Element_Text} = China</msg>
<status status="PASS" starttime="20210424 08:53:32.842" endtime="20210424 08:53:33.340"></status>
</kw>
<kw name="Should Be Equal As Strings" library="BuiltIn">
<doc>Fails if objects are unequal after converting them to strings.</doc>
<arguments>
<arg>${Element_Text}</arg>
<arg>${ExpectedElementText}</arg>
</arguments>
<status status="PASS" starttime="20210424 08:53:33.341" endtime="20210424 08:53:33.343"></status>
</kw>
<status status="PASS" starttime="20210424 08:53:32.838" endtime="20210424 08:53:33.343"></status>
</kw>
<kw name="Reload Page" library="SeleniumLibrary">
<doc>Simulates user reloading page.</doc>
<status status="PASS" starttime="20210424 08:53:33.343" endtime="20210424 08:53:34.625"></status>
</kw>
<status status="PASS" starttime="20210424 08:53:24.808" endtime="20210424 08:53:34.627" critical="yes"></status>
</test>
<test id="s1-t3" name="TC_M002">
<kw name="Wait Until Element Is Visible" library="SeleniumLibrary">
<doc>Waits until the element ``locator`` is visible.</doc>
<arguments>
<arg>${Country_Headline}</arg>
</arguments>
<status status="PASS" starttime="20210424 08:53:34.632" endtime="20210424 08:53:35.135"></status>
</kw>
<kw name="Compare Text" library="Keywords">
<arguments>
<arg>${Selected_Tab}</arg>
<arg>EUROPE</arg>
</arguments>
<kw name="Get Text" library="SeleniumLibrary">
<doc>Returns the text value of the element identified by ``locator``.</doc>
<arguments>
<arg>${Element}</arg>
</arguments>
<assign>
<var>${Element_Text}</var>
</assign>
<msg timestamp="20210424 08:53:35.634" level="INFO">${Element_Text} = EUROPE</msg>
<status status="PASS" starttime="20210424 08:53:35.135" endtime="20210424 08:53:35.634"></status>
</kw>
<kw name="Should Be Equal As Strings" library="BuiltIn">
<doc>Fails if objects are unequal after converting them to strings.</doc>
<arguments>
<arg>${Element_Text}</arg>
<arg>${ExpectedElementText}</arg>
</arguments>
<status status="PASS" starttime="20210424 08:53:35.634" endtime="20210424 08:53:35.634"></status>
</kw>
<status status="PASS" starttime="20210424 08:53:35.135" endtime="20210424 08:53:35.634"></status>
</kw>
<kw name="Click Link And Check URL" library="Keywords">
<arguments>
<arg>${Link_Country_Czech}</arg>
<arg>${URL_Scott_Czech}</arg>
</arguments>
<kw name="Mouse Over And Click" library="Keywords">
<arguments>
<arg>${Link}</arg>
</arguments>
<kw name="Element Should Be Visible" library="SeleniumLibrary">
<doc>Verifies that the element identified by ``locator`` is visible.</doc>
<arguments>
<arg>${Element}</arg>
</arguments>
<msg timestamp="20210424 08:53:36.116" level="INFO">Element '//*[@id="select-location--countries"]/ul[1]/li[4]/a' is displayed.</msg>
<status status="PASS" starttime="20210424 08:53:35.637" endtime="20210424 08:53:36.116"></status>
</kw>
<kw name="Set Focus To Element" library="SeleniumLibrary">
<doc>Sets the focus to the element identified by ``locator``.</doc>
<arguments>
<arg>${Element}</arg>
</arguments>
<status status="PASS" starttime="20210424 08:53:36.117" endtime="20210424 08:53:36.592"></status>
</kw>
<kw name="Mouse Over" library="SeleniumLibrary">
<doc>Simulates hovering the mouse over the element ``locator``.</doc>
<arguments>
<arg>${Element}</arg>
</arguments>
<msg timestamp="20210424 08:53:36.594" level="INFO">Simulating Mouse Over on element '//*[@id="select-location--countries"]/ul[1]/li[4]/a'.</msg>
<status status="PASS" starttime="20210424 08:53:36.593" endtime="20210424 08:53:37.330"></status>
</kw>
<kw name="Click Element" library="SeleniumLibrary">
<doc>Click the element identified by ``locator``.</doc>
<arguments>
<arg>${Element}</arg>
</arguments>
<msg timestamp="20210424 08:53:37.331" level="INFO">Clicking element '//*[@id="select-location--countries"]/ul[1]/li[4]/a'.</msg>
<status status="PASS" starttime="20210424 08:53:37.331" endtime="20210424 08:53:39.469"></status>
</kw>
<status status="PASS" starttime="20210424 08:53:35.637" endtime="20210424 08:53:39.469"></status>
</kw>
<kw name="Wait Until Location Is" library="SeleniumLibrary">
<doc>Waits until the current URL is ``expected``.</doc>
<arguments>
<arg>${URLToCheck}</arg>
</arguments>
<status status="PASS" starttime="20210424 08:53:39.470" endtime="20210424 08:53:39.704"></status>
</kw>
<kw name="Log Location" library="SeleniumLibrary">
<doc>Logs and returns the current browser window URL.</doc>
<msg timestamp="20210424 08:53:39.925" level="INFO">https://www.scott-sports.com/cz/cs/</msg>
<status status="PASS" starttime="20210424 08:53:39.704" endtime="20210424 08:53:39.925"></status>
</kw>
<status status="PASS" starttime="20210424 08:53:35.637" endtime="20210424 08:53:39.925"></status>
</kw>
<status status="PASS" starttime="20210424 08:53:34.632" endtime="20210424 08:53:39.927" critical="yes"></status>
</test>
<test id="s1-t4" name="Post-conditions">
<kw name="Perform Post Conditions" library="Keywords">
<arguments>
<arg>2</arg>
</arguments>
<kw name="Sleep" library="BuiltIn">
<doc>Pauses the test executed for the given time.</doc>
<arguments>
<arg>${SleepValue}</arg>
</arguments>
<msg timestamp="20210424 08:53:41.933" level="INFO">Slept 2 seconds</msg>
<status status="PASS" starttime="20210424 08:53:39.933" endtime="20210424 08:53:41.933"></status>
</kw>
<kw name="Close Browser" library="SeleniumLibrary">
<doc>Closes the current browser.</doc>
<status status="PASS" starttime="20210424 08:53:41.933" endtime="20210424 08:53:44.292"></status>
</kw>
<status status="PASS" starttime="20210424 08:53:39.932" endtime="20210424 08:53:44.293"></status>
</kw>
<status status="PASS" starttime="20210424 08:53:39.930" endtime="20210424 08:53:44.295" critical="yes"></status>
</test>
<status status="PASS" starttime="20210424 08:53:18.530" endtime="20210424 08:53:44.301"></status>
</suite>
<statistics>
<total>
<stat pass="4" fail="0">Critical Tests</stat>
<stat pass="4" fail="0">All Tests</stat>
</total>
<tag>
</tag>
<suite>
<stat pass="4" fail="0" id="s1" name="TestCases">TestCases</stat>
</suite>
</statistics>
<errors>
</errors>
</robot>
