<?xml version="1.0" encoding="UTF-8"?>
<robot generator="Robot 3.2.2 (Python 3.9.1 on win32)" generated="20210411 12:01:42.917" rpa="false">
<suite id="s1" name="TestCases" source="C:\Users\tomes\Documents\Scott_Web_Test\TestCases.robot">
<test id="s1-t1" name="Pre-conditions">
<kw name="Set Pre Conditions" library="Keywords">
<arguments>
<arg>0.2</arg>
<arg>${ChromeBrowser}</arg>
<arg>${URL_Scott_Main}</arg>
<arg>${Img_Scott_Logo}</arg>
</arguments>
<kw name="Set Selenium Speed" library="SeleniumLibrary">
<doc>Sets the delay that is waited after each Selenium command.</doc>
<arguments>
<arg>0.2</arg>
</arguments>
<status status="PASS" starttime="20210411 12:01:43.202" endtime="20210411 12:01:43.202"></status>
</kw>
<kw name="Open Browser" library="SeleniumLibrary">
<doc>Opens a new browser instance to the optional ``url``.</doc>
<arguments>
<arg>${URL}</arg>
<arg>${Browser}</arg>
</arguments>
<msg timestamp="20210411 12:01:43.202" level="INFO">Opening browser 'Chrome' to base url 'https://www.scott-sports.com/global/en/'.</msg>
<status status="PASS" starttime="20210411 12:01:43.202" endtime="20210411 12:01:47.410"></status>
</kw>
<kw name="Maximize Browser Window" library="SeleniumLibrary">
<doc>Maximizes current browser window.</doc>
<status status="PASS" starttime="20210411 12:01:47.410" endtime="20210411 12:01:47.820"></status>
</kw>
<kw name="Wait Until Element Is Visible" library="SeleniumLibrary">
<doc>Waits until the element ``locator`` is visible.</doc>
<arguments>
<arg>${Element}</arg>
</arguments>
<status status="PASS" starttime="20210411 12:01:47.821" endtime="20210411 12:01:48.320"></status>
</kw>
<status status="PASS" starttime="20210411 12:01:43.200" endtime="20210411 12:01:48.321"></status>
</kw>
<status status="PASS" starttime="20210411 12:01:43.199" endtime="20210411 12:01:48.323" critical="yes"></status>
</test>
<test id="s1-t2" name="TC_001 - Test Accept Cookies">
<kw name="Wait Until Element Is Visible" library="SeleniumLibrary">
<doc>Waits until the element ``locator`` is visible.</doc>
<arguments>
<arg>${Cookies_Modal}</arg>
</arguments>
<status status="PASS" starttime="20210411 12:01:48.329" endtime="20210411 12:01:48.806"></status>
</kw>
<kw name="Element Should Be Visible" library="SeleniumLibrary">
<doc>Verifies that the element identified by ``locator`` is visible.</doc>
<arguments>
<arg>${Button_Close_Cookies_Modal}</arg>
</arguments>
<msg timestamp="20210411 12:01:49.307" level="INFO">Element '//button[contains(@class, "close-cookies")]' is displayed.</msg>
<status status="PASS" starttime="20210411 12:01:48.808" endtime="20210411 12:01:49.308"></status>
</kw>
<kw name="Click And Check No Visible" library="Keywords">
<arguments>
<arg>${Button_Close_Cookies_Modal}</arg>
<arg>${Cookies_Modal}</arg>
</arguments>
<kw name="Element Should Be Visible" library="SeleniumLibrary">
<doc>Verifies that the element identified by ``locator`` is visible.</doc>
<arguments>
<arg>${Button}</arg>
</arguments>
<msg timestamp="20210411 12:01:49.776" level="INFO">Element '//button[contains(@class, "close-cookies")]' is displayed.</msg>
<status status="PASS" starttime="20210411 12:01:49.311" endtime="20210411 12:01:49.776"></status>
</kw>
<kw name="Set Focus To Element" library="SeleniumLibrary">
<doc>Sets the focus to the element identified by ``locator``.</doc>
<arguments>
<arg>${Button}</arg>
</arguments>
<status status="PASS" starttime="20210411 12:01:49.777" endtime="20210411 12:01:50.213"></status>
</kw>
<kw name="Mouse Over" library="SeleniumLibrary">
<doc>Simulates hovering the mouse over the element ``locator``.</doc>
<arguments>
<arg>${Button}</arg>
</arguments>
<msg timestamp="20210411 12:01:50.214" level="INFO">Simulating Mouse Over on element '//button[contains(@class, "close-cookies")]'.</msg>
<status status="PASS" starttime="20210411 12:01:50.213" endtime="20210411 12:01:50.950"></status>
</kw>
<kw name="Click Element" library="SeleniumLibrary">
<doc>Click the element identified by ``locator``.</doc>
<arguments>
<arg>${Button}</arg>
</arguments>
<msg timestamp="20210411 12:01:50.950" level="INFO">Clicking element '//button[contains(@class, "close-cookies")]'.</msg>
<status status="PASS" starttime="20210411 12:01:50.950" endtime="20210411 12:01:51.442"></status>
</kw>
<kw name="Wait Until Element Is Not Visible" library="SeleniumLibrary">
<doc>Waits until the element ``locator`` is not visible.</doc>
<arguments>
<arg>${ElementToCheck}</arg>
</arguments>
<status status="PASS" starttime="20210411 12:01:51.442" endtime="20210411 12:01:51.664"></status>
</kw>
<status status="PASS" starttime="20210411 12:01:49.309" endtime="20210411 12:01:51.664"></status>
</kw>
<kw name="Perform Post Conditions" library="Keywords">
<arguments>
<arg>1</arg>
</arguments>
<kw name="Sleep" library="BuiltIn">
<doc>Pauses the test executed for the given time.</doc>
<arguments>
<arg>${SleepValue}</arg>
</arguments>
<msg timestamp="20210411 12:01:52.667" level="INFO">Slept 1 second</msg>
<status status="PASS" starttime="20210411 12:01:51.665" endtime="20210411 12:01:52.667"></status>
</kw>
<kw name="Close Browser" library="SeleniumLibrary">
<doc>Closes the current browser.</doc>
<status status="PASS" starttime="20210411 12:01:52.667" endtime="20210411 12:01:55.823"></status>
</kw>
<status status="PASS" starttime="20210411 12:01:51.665" endtime="20210411 12:01:55.824"></status>
</kw>
<status status="PASS" starttime="20210411 12:01:48.327" endtime="20210411 12:01:55.826" critical="yes"></status>
</test>
<test id="s1-t3" name="TC_OO2 - Test More Info Cookies">
<kw name="Set Pre Conditions" library="Keywords">
<arguments>
<arg>0.2</arg>
<arg>${ChromeBrowser}</arg>
<arg>${URL_Scott_Main}</arg>
<arg>${Img_Scott_Logo}</arg>
</arguments>
<kw name="Set Selenium Speed" library="SeleniumLibrary">
<doc>Sets the delay that is waited after each Selenium command.</doc>
<arguments>
<arg>0.2</arg>
</arguments>
<status status="PASS" starttime="20210411 12:01:55.834" endtime="20210411 12:01:55.835"></status>
</kw>
<kw name="Open Browser" library="SeleniumLibrary">
<doc>Opens a new browser instance to the optional ``url``.</doc>
<arguments>
<arg>${URL}</arg>
<arg>${Browser}</arg>
</arguments>
<msg timestamp="20210411 12:01:55.837" level="INFO">Opening browser 'Chrome' to base url 'https://www.scott-sports.com/global/en/'.</msg>
<status status="PASS" starttime="20210411 12:01:55.836" endtime="20210411 12:01:59.563"></status>
</kw>
<kw name="Maximize Browser Window" library="SeleniumLibrary">
<doc>Maximizes current browser window.</doc>
<status status="PASS" starttime="20210411 12:01:59.563" endtime="20210411 12:01:59.951"></status>
</kw>
<kw name="Wait Until Element Is Visible" library="SeleniumLibrary">
<doc>Waits until the element ``locator`` is visible.</doc>
<arguments>
<arg>${Element}</arg>
</arguments>
<status status="PASS" starttime="20210411 12:01:59.951" endtime="20210411 12:02:00.434"></status>
</kw>
<status status="PASS" starttime="20210411 12:01:55.833" endtime="20210411 12:02:00.435"></status>
</kw>
<kw name="Wait Until Element Is Visible" library="SeleniumLibrary">
<doc>Waits until the element ``locator`` is visible.</doc>
<arguments>
<arg>${Cookies_Modal}</arg>
</arguments>
<status status="PASS" starttime="20210411 12:02:00.436" endtime="20210411 12:02:00.886"></status>
</kw>
<kw name="Element Should Be Visible" library="SeleniumLibrary">
<doc>Verifies that the element identified by ``locator`` is visible.</doc>
<arguments>
<arg>${Link_Cookies_More_Info}</arg>
</arguments>
<msg timestamp="20210411 12:02:01.320" level="INFO">Element '//a[contains(text(), "click here")]' is displayed.</msg>
<status status="PASS" starttime="20210411 12:02:00.887" endtime="20210411 12:02:01.320"></status>
</kw>
<kw name="Click And Check URL" library="Keywords">
<arguments>
<arg>${Link_Cookies_More_Info}</arg>
<arg>${URL_Scott_Policy}</arg>
</arguments>
<kw name="Element Should Be Visible" library="SeleniumLibrary">
<doc>Verifies that the element identified by ``locator`` is visible.</doc>
<arguments>
<arg>${Link}</arg>
</arguments>
<msg timestamp="20210411 12:02:01.757" level="INFO">Element '//a[contains(text(), "click here")]' is displayed.</msg>
<status status="PASS" starttime="20210411 12:02:01.321" endtime="20210411 12:02:01.758"></status>
</kw>
<kw name="Set Focus To Element" library="SeleniumLibrary">
<doc>Sets the focus to the element identified by ``locator``.</doc>
<arguments>
<arg>${Link}</arg>
</arguments>
<status status="PASS" starttime="20210411 12:02:01.759" endtime="20210411 12:02:02.241"></status>
</kw>
<kw name="Mouse Over" library="SeleniumLibrary">
<doc>Simulates hovering the mouse over the element ``locator``.</doc>
<arguments>
<arg>${Link}</arg>
</arguments>
<msg timestamp="20210411 12:02:02.242" level="INFO">Simulating Mouse Over on element '//a[contains(text(), "click here")]'.</msg>
<status status="PASS" starttime="20210411 12:02:02.241" endtime="20210411 12:02:02.942"></status>
</kw>
<kw name="Click Element" library="SeleniumLibrary">
<doc>Click the element identified by ``locator``.</doc>
<arguments>
<arg>${Link}</arg>
</arguments>
<msg timestamp="20210411 12:02:02.943" level="INFO">Clicking element '//a[contains(text(), "click here")]'.</msg>
<status status="PASS" starttime="20210411 12:02:02.942" endtime="20210411 12:02:04.614"></status>
</kw>
<kw name="Wait Until Location Is" library="SeleniumLibrary">
<doc>Waits until the current URL is ``expected``.</doc>
<arguments>
<arg>${URLToCheck}</arg>
</arguments>
<status status="PASS" starttime="20210411 12:02:04.614" endtime="20210411 12:02:04.833"></status>
</kw>
<status status="PASS" starttime="20210411 12:02:01.321" endtime="20210411 12:02:04.833"></status>
</kw>
<kw name="Wait Until Element Is Visible" library="SeleniumLibrary">
<doc>Waits until the element ``locator`` is visible.</doc>
<arguments>
<arg>${Headline_Privacy_Policy}</arg>
</arguments>
<status status="PASS" starttime="20210411 12:02:04.834" endtime="20210411 12:02:05.314"></status>
</kw>
<kw name="Compare Text" library="Keywords">
<arguments>
<arg>${Headline_Privacy_Policy}</arg>
<arg>PRIVACY POLICY</arg>
</arguments>
<kw name="Get Text" library="SeleniumLibrary">
<doc>Returns the text value of the element identified by ``locator``.</doc>
<arguments>
<arg>${Element}</arg>
</arguments>
<assign>
<var>${Element_Text}</var>
</assign>
<msg timestamp="20210411 12:02:05.814" level="INFO">${Element_Text} = PRIVACY POLICY</msg>
<status status="PASS" starttime="20210411 12:02:05.318" endtime="20210411 12:02:05.814"></status>
</kw>
<kw name="Should Be Equal As Strings" library="BuiltIn">
<doc>Fails if objects are unequal after converting them to strings.</doc>
<arguments>
<arg>${Element_Text}</arg>
<arg>${ExpectedElementText}</arg>
</arguments>
<status status="PASS" starttime="20210411 12:02:05.814" endtime="20210411 12:02:05.815"></status>
</kw>
<status status="PASS" starttime="20210411 12:02:05.316" endtime="20210411 12:02:05.815"></status>
</kw>
<status status="PASS" starttime="20210411 12:01:55.831" endtime="20210411 12:02:05.816" critical="yes"></status>
</test>
<test id="s1-t4" name="Post-conditions">
<kw name="Perform Post Conditions" library="Keywords">
<arguments>
<arg>2</arg>
</arguments>
<kw name="Sleep" library="BuiltIn">
<doc>Pauses the test executed for the given time.</doc>
<arguments>
<arg>${SleepValue}</arg>
</arguments>
<msg timestamp="20210411 12:02:07.825" level="INFO">Slept 2 seconds</msg>
<status status="PASS" starttime="20210411 12:02:05.821" endtime="20210411 12:02:07.825"></status>
</kw>
<kw name="Close Browser" library="SeleniumLibrary">
<doc>Closes the current browser.</doc>
<status status="PASS" starttime="20210411 12:02:07.825" endtime="20210411 12:02:10.108"></status>
</kw>
<status status="PASS" starttime="20210411 12:02:05.820" endtime="20210411 12:02:10.109"></status>
</kw>
<status status="PASS" starttime="20210411 12:02:05.819" endtime="20210411 12:02:10.110" critical="yes"></status>
</test>
<status status="PASS" starttime="20210411 12:01:42.921" endtime="20210411 12:02:10.116"></status>
</suite>
<statistics>
<total>
<stat pass="4" fail="0">Critical Tests</stat>
<stat pass="4" fail="0">All Tests</stat>
</total>
<tag>
</tag>
<suite>
<stat pass="4" fail="0" id="s1" name="TestCases">TestCases</stat>
</suite>
</statistics>
<errors>
</errors>
</robot>
