<?xml version="1.0" encoding="UTF-8"?>
<robot generator="Robot 3.2.2 (Python 3.9.1 on win32)" generated="20210421 20:59:08.022" rpa="false">
<suite id="s1" name="TestCases" source="C:\Users\tomes\Documents\Scott_Web_Test\TestSuites\Help\TestCases.robot">
<test id="s1-t1" name="Pre-conditions">
<kw name="Set Pre Conditions" library="Keywords">
<arguments>
<arg>0.2</arg>
<arg>${ChromeBrowser}</arg>
<arg>${URL_Scott_Main}</arg>
<arg>${Img_Scott_Logo}</arg>
</arguments>
<kw name="Set Selenium Speed" library="SeleniumLibrary">
<doc>Sets the delay that is waited after each Selenium command.</doc>
<arguments>
<arg>0.2</arg>
</arguments>
<status status="PASS" starttime="20210421 20:59:08.299" endtime="20210421 20:59:08.299"></status>
</kw>
<kw name="Open Browser" library="SeleniumLibrary">
<doc>Opens a new browser instance to the optional ``url``.</doc>
<arguments>
<arg>${URL}</arg>
<arg>${Browser}</arg>
</arguments>
<msg timestamp="20210421 20:59:08.299" level="INFO">Opening browser 'Chrome' to base url 'https://www.scott-sports.com/global/en/'.</msg>
<status status="PASS" starttime="20210421 20:59:08.299" endtime="20210421 20:59:12.865"></status>
</kw>
<kw name="Maximize Browser Window" library="SeleniumLibrary">
<doc>Maximizes current browser window.</doc>
<status status="PASS" starttime="20210421 20:59:12.865" endtime="20210421 20:59:13.224"></status>
</kw>
<kw name="Wait Until Element Is Visible" library="SeleniumLibrary">
<doc>Waits until the element ``locator`` is visible.</doc>
<arguments>
<arg>${Element}</arg>
</arguments>
<status status="PASS" starttime="20210421 20:59:13.224" endtime="20210421 20:59:13.666"></status>
</kw>
<status status="PASS" starttime="20210421 20:59:08.298" endtime="20210421 20:59:13.666"></status>
</kw>
<status status="PASS" starttime="20210421 20:59:08.298" endtime="20210421 20:59:13.667" critical="yes"></status>
</test>
<test id="s1-t2" name="TC_001 - Open Help Sub Page">
<kw name="Wait Until Element Is Visible" library="SeleniumLibrary">
<doc>Waits until the element ``locator`` is visible.</doc>
<arguments>
<arg>${Link_Help}</arg>
</arguments>
<status status="PASS" starttime="20210421 20:59:13.671" endtime="20210421 20:59:14.112"></status>
</kw>
<kw name="Click Blank Link And Check URL" library="Keywords">
<arguments>
<arg>${Link_Help}</arg>
<arg>${URL_Scott_Help}</arg>
</arguments>
<kw name="Element Should Be Visible" library="SeleniumLibrary">
<doc>Verifies that the element identified by ``locator`` is visible.</doc>
<arguments>
<arg>${Link}</arg>
</arguments>
<msg timestamp="20210421 20:59:14.554" level="INFO">Element '//span[contains(text(), "Help")]' is displayed.</msg>
<status status="PASS" starttime="20210421 20:59:14.113" endtime="20210421 20:59:14.554"></status>
</kw>
<kw name="Set Focus To Element" library="SeleniumLibrary">
<doc>Sets the focus to the element identified by ``locator``.</doc>
<arguments>
<arg>${Link}</arg>
</arguments>
<status status="PASS" starttime="20210421 20:59:14.554" endtime="20210421 20:59:14.996"></status>
</kw>
<kw name="Mouse Over" library="SeleniumLibrary">
<doc>Simulates hovering the mouse over the element ``locator``.</doc>
<arguments>
<arg>${Link}</arg>
</arguments>
<msg timestamp="20210421 20:59:14.997" level="INFO">Simulating Mouse Over on element '//span[contains(text(), "Help")]'.</msg>
<status status="PASS" starttime="20210421 20:59:14.996" endtime="20210421 20:59:15.722"></status>
</kw>
<kw name="Click Element" library="SeleniumLibrary">
<doc>Click the element identified by ``locator``.</doc>
<arguments>
<arg>${Link}</arg>
</arguments>
<msg timestamp="20210421 20:59:15.723" level="INFO">Clicking element '//span[contains(text(), "Help")]'.</msg>
<status status="PASS" starttime="20210421 20:59:15.722" endtime="20210421 20:59:16.257"></status>
</kw>
<kw name="Switch Window" library="SeleniumLibrary">
<doc>Switches to browser window matching ``locator``.</doc>
<arguments>
<arg>new</arg>
</arguments>
<status status="PASS" starttime="20210421 20:59:16.257" endtime="20210421 20:59:17.114"></status>
</kw>
<kw name="Wait Until Location Is" library="SeleniumLibrary">
<doc>Waits until the current URL is ``expected``.</doc>
<arguments>
<arg>${URLToCheck}</arg>
</arguments>
<status status="PASS" starttime="20210421 20:59:17.114" endtime="20210421 20:59:17.645"></status>
</kw>
<kw name="Log Location" library="SeleniumLibrary">
<doc>Logs and returns the current browser window URL.</doc>
<msg timestamp="20210421 20:59:17.866" level="INFO">https://help.scott-sports.com/hc/en-us</msg>
<status status="PASS" starttime="20210421 20:59:17.645" endtime="20210421 20:59:17.866"></status>
</kw>
<status status="PASS" starttime="20210421 20:59:14.113" endtime="20210421 20:59:17.867"></status>
</kw>
<kw name="Element Should Be Visible" library="SeleniumLibrary">
<doc>Verifies that the element identified by ``locator`` is visible.</doc>
<arguments>
<arg>${Input_Search_Box}</arg>
</arguments>
<msg timestamp="20210421 20:59:18.322" level="INFO">Element '//input[@id="query"]' is displayed.</msg>
<status status="PASS" starttime="20210421 20:59:17.868" endtime="20210421 20:59:18.322"></status>
</kw>
<kw name="Compare Text" library="Keywords">
<arguments>
<arg>${Headline_Help}</arg>
<arg>HOW CAN WE HELP YOU?</arg>
</arguments>
<kw name="Get Text" library="SeleniumLibrary">
<doc>Returns the text value of the element identified by ``locator``.</doc>
<arguments>
<arg>${Element}</arg>
</arguments>
<assign>
<var>${Element_Text}</var>
</assign>
<msg timestamp="20210421 20:59:18.772" level="INFO">${Element_Text} = HOW CAN WE HELP YOU?</msg>
<status status="PASS" starttime="20210421 20:59:18.324" endtime="20210421 20:59:18.773"></status>
</kw>
<kw name="Should Be Equal As Strings" library="BuiltIn">
<doc>Fails if objects are unequal after converting them to strings.</doc>
<arguments>
<arg>${Element_Text}</arg>
<arg>${ExpectedElementText}</arg>
</arguments>
<status status="PASS" starttime="20210421 20:59:18.773" endtime="20210421 20:59:18.774"></status>
</kw>
<status status="PASS" starttime="20210421 20:59:18.323" endtime="20210421 20:59:18.775"></status>
</kw>
<status status="PASS" starttime="20210421 20:59:13.670" endtime="20210421 20:59:18.777" critical="yes"></status>
</test>
<test id="s1-t3" name="TC_OO2 - Test Whisperer Valid Phrase">
<kw name="Mouse Over" library="SeleniumLibrary">
<doc>Simulates hovering the mouse over the element ``locator``.</doc>
<arguments>
<arg>${Input_Search_Box}</arg>
</arguments>
<msg timestamp="20210421 20:59:18.785" level="INFO">Simulating Mouse Over on element '//input[@id="query"]'.</msg>
<status status="PASS" starttime="20210421 20:59:18.784" endtime="20210421 20:59:19.517"></status>
</kw>
<kw name="Click Element" library="SeleniumLibrary">
<doc>Click the element identified by ``locator``.</doc>
<arguments>
<arg>${Input_Search_Box}</arg>
</arguments>
<msg timestamp="20210421 20:59:19.518" level="INFO">Clicking element '//input[@id="query"]'.</msg>
<status status="PASS" starttime="20210421 20:59:19.518" endtime="20210421 20:59:20.032"></status>
</kw>
<kw name="Input Text" library="SeleniumLibrary">
<doc>Types the given ``text`` into the text field identified by ``locator``.</doc>
<arguments>
<arg>${Input_Search_Box}</arg>
<arg>how</arg>
</arguments>
<msg timestamp="20210421 20:59:20.034" level="INFO">Typing text 'how' into text field '//input[@id="query"]'.</msg>
<status status="PASS" starttime="20210421 20:59:20.033" endtime="20210421 20:59:20.763"></status>
</kw>
<kw name="Wait Until Element Is Visible" library="SeleniumLibrary">
<doc>Waits until the element ``locator`` is visible.</doc>
<arguments>
<arg>${AutoComplete}</arg>
</arguments>
<status status="PASS" starttime="20210421 20:59:20.763" endtime="20210421 20:59:21.652"></status>
</kw>
<kw name="Element Should Be Visible" library="SeleniumLibrary">
<doc>Verifies that the element identified by ``locator`` is visible.</doc>
<arguments>
<arg>${AutoCompleteOption}</arg>
</arguments>
<msg timestamp="20210421 20:59:22.135" level="INFO">Element '//zd-autocomplete-option[1]' is displayed.</msg>
<status status="PASS" starttime="20210421 20:59:21.655" endtime="20210421 20:59:22.135"></status>
</kw>
<kw name="Clear Element Text" library="SeleniumLibrary">
<doc>Clears the value of the text-input-element identified by ``locator``.</doc>
<arguments>
<arg>${Input_Search_Box}</arg>
</arguments>
<status status="PASS" starttime="20210421 20:59:22.137" endtime="20210421 20:59:22.637"></status>
</kw>
<status status="PASS" starttime="20210421 20:59:18.782" endtime="20210421 20:59:22.638" critical="yes"></status>
</test>
<test id="s1-t4" name="TC_003 - Test Whisperer Invalid Phrase">
<kw name="Mouse Over" library="SeleniumLibrary">
<doc>Simulates hovering the mouse over the element ``locator``.</doc>
<arguments>
<arg>${Input_Search_Box}</arg>
</arguments>
<msg timestamp="20210421 20:59:22.643" level="INFO">Simulating Mouse Over on element '//input[@id="query"]'.</msg>
<status status="PASS" starttime="20210421 20:59:22.642" endtime="20210421 20:59:23.353"></status>
</kw>
<kw name="Click Element" library="SeleniumLibrary">
<doc>Click the element identified by ``locator``.</doc>
<arguments>
<arg>${Input_Search_Box}</arg>
</arguments>
<msg timestamp="20210421 20:59:23.356" level="INFO">Clicking element '//input[@id="query"]'.</msg>
<status status="PASS" starttime="20210421 20:59:23.355" endtime="20210421 20:59:23.822"></status>
</kw>
<kw name="Input Text" library="SeleniumLibrary">
<doc>Types the given ``text`` into the text field identified by ``locator``.</doc>
<arguments>
<arg>${Input_Search_Box}</arg>
<arg>brm</arg>
</arguments>
<msg timestamp="20210421 20:59:23.824" level="INFO">Typing text 'brm' into text field '//input[@id="query"]'.</msg>
<status status="PASS" starttime="20210421 20:59:23.823" endtime="20210421 20:59:24.592"></status>
</kw>
<kw name="Sleep" library="BuiltIn">
<doc>Pauses the test executed for the given time.</doc>
<arguments>
<arg>2</arg>
</arguments>
<msg timestamp="20210421 20:59:26.595" level="INFO">Slept 2 seconds</msg>
<status status="PASS" starttime="20210421 20:59:24.593" endtime="20210421 20:59:26.595"></status>
</kw>
<kw name="Element Should Not Be Visible" library="SeleniumLibrary">
<doc>Verifies that the element identified by ``locator`` is NOT visible.</doc>
<arguments>
<arg>${AutoComplete}</arg>
</arguments>
<msg timestamp="20210421 20:59:26.824" level="INFO">Element '//zd-autocomplete' did not exist.</msg>
<status status="PASS" starttime="20210421 20:59:26.596" endtime="20210421 20:59:26.824"></status>
</kw>
<kw name="Clear Element Text" library="SeleniumLibrary">
<doc>Clears the value of the text-input-element identified by ``locator``.</doc>
<arguments>
<arg>${Input_Search_Box}</arg>
</arguments>
<status status="PASS" starttime="20210421 20:59:26.825" endtime="20210421 20:59:27.327"></status>
</kw>
<status status="PASS" starttime="20210421 20:59:22.641" endtime="20210421 20:59:27.329" critical="yes"></status>
</test>
<test id="s1-t5" name="TC_004 - Test Search Valid Results">
<kw name="Mouse Over" library="SeleniumLibrary">
<doc>Simulates hovering the mouse over the element ``locator``.</doc>
<arguments>
<arg>${Input_Search_Box}</arg>
</arguments>
<msg timestamp="20210421 20:59:27.338" level="INFO">Simulating Mouse Over on element '//input[@id="query"]'.</msg>
<status status="PASS" starttime="20210421 20:59:27.337" endtime="20210421 20:59:28.074"></status>
</kw>
<kw name="Click Element" library="SeleniumLibrary">
<doc>Click the element identified by ``locator``.</doc>
<arguments>
<arg>${Input_Search_Box}</arg>
</arguments>
<msg timestamp="20210421 20:59:28.075" level="INFO">Clicking element '//input[@id="query"]'.</msg>
<status status="PASS" starttime="20210421 20:59:28.075" endtime="20210421 20:59:28.574"></status>
</kw>
<kw name="Input Text" library="SeleniumLibrary">
<doc>Types the given ``text`` into the text field identified by ``locator``.</doc>
<arguments>
<arg>${Input_Search_Box}</arg>
<arg>what</arg>
</arguments>
<msg timestamp="20210421 20:59:28.577" level="INFO">Typing text 'what' into text field '//input[@id="query"]'.</msg>
<status status="PASS" starttime="20210421 20:59:28.576" endtime="20210421 20:59:29.352"></status>
</kw>
<kw name="Press Keys" library="SeleniumLibrary">
<doc>Simulates the user pressing key(s) to an element or on the active browser.</doc>
<arguments>
<arg>${Input_Search_Box}</arg>
<arg>ENTER</arg>
</arguments>
<msg timestamp="20210421 20:59:29.356" level="INFO">Sending key(s) ('ENTER',) to //input[@id="query"] element.</msg>
<msg timestamp="20210421 20:59:30.083" level="INFO">Pressing special key ENTER to element.</msg>
<msg timestamp="20210421 20:59:30.083" level="INFO">Releasing special key ENTER.</msg>
<status status="PASS" starttime="20210421 20:59:29.354" endtime="20210421 20:59:31.069"></status>
</kw>
<kw name="Wait Until Element Is Visible" library="SeleniumLibrary">
<doc>Waits until the element ``locator`` is visible.</doc>
<arguments>
<arg>${SearchResutlsTitle}</arg>
</arguments>
<status status="PASS" starttime="20210421 20:59:31.070" endtime="20210421 20:59:31.518"></status>
</kw>
<kw name="Compare Text" library="Keywords">
<arguments>
<arg>${SearchResutlsTitle}</arg>
<arg>63 RESULTS FOR "WHAT"</arg>
</arguments>
<kw name="Get Text" library="SeleniumLibrary">
<doc>Returns the text value of the element identified by ``locator``.</doc>
<arguments>
<arg>${Element}</arg>
</arguments>
<assign>
<var>${Element_Text}</var>
</assign>
<msg timestamp="20210421 20:59:31.972" level="INFO">${Element_Text} = 63 RESULTS FOR "WHAT"</msg>
<status status="PASS" starttime="20210421 20:59:31.519" endtime="20210421 20:59:31.972"></status>
</kw>
<kw name="Should Be Equal As Strings" library="BuiltIn">
<doc>Fails if objects are unequal after converting them to strings.</doc>
<arguments>
<arg>${Element_Text}</arg>
<arg>${ExpectedElementText}</arg>
</arguments>
<status status="PASS" starttime="20210421 20:59:31.972" endtime="20210421 20:59:31.973"></status>
</kw>
<status status="PASS" starttime="20210421 20:59:31.519" endtime="20210421 20:59:31.974"></status>
</kw>
<kw name="Compare Text" library="Keywords">
<arguments>
<arg>${FirstResultTitle}</arg>
<arg>What is AeroFoam?</arg>
</arguments>
<kw name="Get Text" library="SeleniumLibrary">
<doc>Returns the text value of the element identified by ``locator``.</doc>
<arguments>
<arg>${Element}</arg>
</arguments>
<assign>
<var>${Element_Text}</var>
</assign>
<msg timestamp="20210421 20:59:32.467" level="INFO">${Element_Text} = What is AeroFoam?</msg>
<status status="PASS" starttime="20210421 20:59:31.977" endtime="20210421 20:59:32.468"></status>
</kw>
<kw name="Should Be Equal As Strings" library="BuiltIn">
<doc>Fails if objects are unequal after converting them to strings.</doc>
<arguments>
<arg>${Element_Text}</arg>
<arg>${ExpectedElementText}</arg>
</arguments>
<status status="PASS" starttime="20210421 20:59:32.468" endtime="20210421 20:59:32.469"></status>
</kw>
<status status="PASS" starttime="20210421 20:59:31.976" endtime="20210421 20:59:32.470"></status>
</kw>
<kw name="Clear Element Text" library="SeleniumLibrary">
<doc>Clears the value of the text-input-element identified by ``locator``.</doc>
<arguments>
<arg>${Input_Search_Box}</arg>
</arguments>
<status status="PASS" starttime="20210421 20:59:32.472" endtime="20210421 20:59:32.998"></status>
</kw>
<status status="PASS" starttime="20210421 20:59:27.336" endtime="20210421 20:59:33.001" critical="yes"></status>
</test>
<test id="s1-t6" name="TC_005 - Test Search Invalid Results">
<kw name="Mouse Over" library="SeleniumLibrary">
<doc>Simulates hovering the mouse over the element ``locator``.</doc>
<arguments>
<arg>${Input_Search_Box}</arg>
</arguments>
<msg timestamp="20210421 20:59:33.008" level="INFO">Simulating Mouse Over on element '//input[@id="query"]'.</msg>
<status status="PASS" starttime="20210421 20:59:33.007" endtime="20210421 20:59:33.744"></status>
</kw>
<kw name="Click Element" library="SeleniumLibrary">
<doc>Click the element identified by ``locator``.</doc>
<arguments>
<arg>${Input_Search_Box}</arg>
</arguments>
<msg timestamp="20210421 20:59:33.746" level="INFO">Clicking element '//input[@id="query"]'.</msg>
<status status="PASS" starttime="20210421 20:59:33.745" endtime="20210421 20:59:34.265"></status>
</kw>
<kw name="Input Text" library="SeleniumLibrary">
<doc>Types the given ``text`` into the text field identified by ``locator``.</doc>
<arguments>
<arg>${Input_Search_Box}</arg>
<arg>jkl</arg>
</arguments>
<msg timestamp="20210421 20:59:34.267" level="INFO">Typing text 'jkl' into text field '//input[@id="query"]'.</msg>
<status status="PASS" starttime="20210421 20:59:34.266" endtime="20210421 20:59:35.031"></status>
</kw>
<kw name="Press Keys" library="SeleniumLibrary">
<doc>Simulates the user pressing key(s) to an element or on the active browser.</doc>
<arguments>
<arg>${Input_Search_Box}</arg>
<arg>ENTER</arg>
</arguments>
<msg timestamp="20210421 20:59:35.034" level="INFO">Sending key(s) ('ENTER',) to //input[@id="query"] element.</msg>
<msg timestamp="20210421 20:59:35.765" level="INFO">Pressing special key ENTER to element.</msg>
<msg timestamp="20210421 20:59:35.765" level="INFO">Releasing special key ENTER.</msg>
<status status="PASS" starttime="20210421 20:59:35.033" endtime="20210421 20:59:36.454"></status>
</kw>
<kw name="Wait Until Element Is Visible" library="SeleniumLibrary">
<doc>Waits until the element ``locator`` is visible.</doc>
<arguments>
<arg>${NoResultsParagraph}</arg>
</arguments>
<status status="PASS" starttime="20210421 20:59:36.455" endtime="20210421 20:59:36.926"></status>
</kw>
<kw name="Compare Text" library="Keywords">
<arguments>
<arg>${NoResultsParagraph}</arg>
<arg>We couldn't find any results for : "query"</arg>
</arguments>
<kw name="Get Text" library="SeleniumLibrary">
<doc>Returns the text value of the element identified by ``locator``.</doc>
<arguments>
<arg>${Element}</arg>
</arguments>
<assign>
<var>${Element_Text}</var>
</assign>
<msg timestamp="20210421 20:59:37.396" level="INFO">${Element_Text} = We couldn't find any results for : "query"</msg>
<status status="PASS" starttime="20210421 20:59:36.928" endtime="20210421 20:59:37.397"></status>
</kw>
<kw name="Should Be Equal As Strings" library="BuiltIn">
<doc>Fails if objects are unequal after converting them to strings.</doc>
<arguments>
<arg>${Element_Text}</arg>
<arg>${ExpectedElementText}</arg>
</arguments>
<status status="PASS" starttime="20210421 20:59:37.397" endtime="20210421 20:59:37.398"></status>
</kw>
<status status="PASS" starttime="20210421 20:59:36.927" endtime="20210421 20:59:37.399"></status>
</kw>
<kw name="Clear Element Text" library="SeleniumLibrary">
<doc>Clears the value of the text-input-element identified by ``locator``.</doc>
<arguments>
<arg>${Input_Search_Box}</arg>
</arguments>
<status status="PASS" starttime="20210421 20:59:37.400" endtime="20210421 20:59:37.877"></status>
</kw>
<status status="PASS" starttime="20210421 20:59:33.005" endtime="20210421 20:59:37.877" critical="yes"></status>
</test>
<test id="s1-t7" name="Post-conditions">
<kw name="Perform Post Conditions" library="Keywords">
<arguments>
<arg>2</arg>
</arguments>
<kw name="Sleep" library="BuiltIn">
<doc>Pauses the test executed for the given time.</doc>
<arguments>
<arg>${SleepValue}</arg>
</arguments>
<msg timestamp="20210421 20:59:39.887" level="INFO">Slept 2 seconds</msg>
<status status="PASS" starttime="20210421 20:59:37.880" endtime="20210421 20:59:39.887"></status>
</kw>
<kw name="Close Browser" library="SeleniumLibrary">
<doc>Closes the current browser.</doc>
<status status="PASS" starttime="20210421 20:59:39.887" endtime="20210421 20:59:42.201"></status>
</kw>
<status status="PASS" starttime="20210421 20:59:37.879" endtime="20210421 20:59:42.202"></status>
</kw>
<status status="PASS" starttime="20210421 20:59:37.879" endtime="20210421 20:59:42.203" critical="yes"></status>
</test>
<status status="PASS" starttime="20210421 20:59:08.024" endtime="20210421 20:59:42.207"></status>
</suite>
<statistics>
<total>
<stat pass="7" fail="0">Critical Tests</stat>
<stat pass="7" fail="0">All Tests</stat>
</total>
<tag>
</tag>
<suite>
<stat pass="7" fail="0" id="s1" name="TestCases">TestCases</stat>
</suite>
</statistics>
<errors>
</errors>
</robot>
